<?xml version="1.0" encoding="UTF-8"?>
<!-- Generated by org.testng.reporters.JUnitReportReporter -->
<testsuite hostname="DESKTOP-NQ0V977" failures="0" tests="1" name="Practice.Editor" time="7.868" errors="0" timestamp="18 Feb 2021 07:57:53 GMT" skipped="0">
  <testcase classname="Practice.Editor" name="f" time="7.868"/>
</testsuite> <!-- Practice.Editor -->
