<?xml version="1.0" encoding="UTF-8"?>
<!-- Generated by org.testng.reporters.JUnitReportReporter -->
<testsuite hostname="DESKTOP-NQ0V977" failures="0" tests="3" name="infoCommands.AmazonParallel" time="41.451" errors="0" timestamp="24 Feb 2021 07:46:54 GMT" skipped="0">
  <testcase classname="infoCommands.AmazonParallel" name="flipkart" time="12.893"/>
  <testcase classname="infoCommands.AmazonParallel" name="flipkart" time="14.895"/>
  <testcase classname="infoCommands.AmazonParallel" name="flipkart" time="13.663"/>
</testsuite> <!-- infoCommands.AmazonParallel -->
