<?xml version="1.0" encoding="UTF-8"?>
<!-- Generated by org.testng.reporters.JUnitReportReporter -->
<testsuite hostname="DESKTOP-NQ0V977" failures="0" tests="2" name="infoCommands.BugMozillaParallel" time="27.952" errors="0" timestamp="24 Feb 2021 06:03:04 GMT" skipped="0">
  <testcase classname="infoCommands.BugMozillaParallel" name="f" time="11.791"/>
  <testcase classname="infoCommands.BugMozillaParallel" name="f" time="16.161"/>
</testsuite> <!-- infoCommands.BugMozillaParallel -->
