<?xml version="1.0" encoding="UTF-8"?>
<!-- Generated by org.testng.reporters.JUnitReportReporter -->
<testsuite hostname="DESKTOP-NQ0V977" failures="0" tests="1" name="assignments.NewTest" time="0.050" errors="0" timestamp="16 Dec 2020 08:44:09 GMT" skipped="0">
  <testcase classname="assignments.NewTest" name="f" time="0.050"/>
</testsuite> <!-- assignments.NewTest -->
