<?xml version="1.0" encoding="UTF-8"?>
<!-- Generated by org.testng.reporters.JUnitReportReporter -->
<testsuite hostname="DESKTOP-NQ0V977" failures="0" tests="1" name="infoCommands.BrokenLinks" time="13.966" errors="0" timestamp="31 Jan 2021 17:52:20 GMT" skipped="0">
  <testcase classname="infoCommands.BrokenLinks" name="f" time="13.966"/>
</testsuite> <!-- infoCommands.BrokenLinks -->
