<?xml version="1.0" encoding="UTF-8"?>
<!-- Generated by org.testng.reporters.JUnitReportReporter -->
<testsuite hostname="DESKTOP-NQ0V977" failures="0" tests="6" name="RandomProgs.InvocationCountDemo" time="0.027" errors="0" timestamp="24 Feb 2021 07:03:38 GMT" skipped="0">
  <testcase classname="RandomProgs.InvocationCountDemo" name="a" time="0.002"/>
  <testcase classname="RandomProgs.InvocationCountDemo" name="a" time="0.001"/>
  <testcase classname="RandomProgs.InvocationCountDemo" name="a" time="0.002"/>
  <testcase classname="RandomProgs.InvocationCountDemo" name="a" time="0.019"/>
  <testcase classname="RandomProgs.InvocationCountDemo" name="a" time="0.002"/>
  <testcase classname="RandomProgs.InvocationCountDemo" name="b" time="0.001"/>
</testsuite> <!-- RandomProgs.InvocationCountDemo -->
